2025-11-28 10:10:22 - ERROR - NVR 192.168.1.100 returned HTTP 502
2025-11-28 10:12:04 - INFO - [iB Baskul] Back online. Downtime: 00:00
2025-11-28 10:12:04 - INFO - [oG PTZ Edari] Back online. Downtime: 00:00
2025-11-28 10:12:04 - INFO - [oA Gate 1] Back online. Downtime: 00:00
2025-11-28 10:12:04 - INFO - [oC Harasat be Koreh] Back online. Downtime: 00:00
2025-11-28 10:12:04 - INFO - [oC Harasat be Gate] Back online. Downtime: 00:00
2025-11-28 10:12:04 - INFO - [oG Dakal] Back online. Downtime: 00:00
2025-11-28 10:12:04 - INFO - [oG Modiriat] Back online. Downtime: 00:00
2025-11-28 10:12:04 - INFO - [oA Divar Gate] Back online. Downtime: 00:00
2025-11-28 10:12:04 - INFO - [oA Entezamat Gate 1] Back online. Downtime: 00:00
2025-11-28 10:12:04 - INFO - [oG Edari] Back online. Downtime: 00:00
2025-11-28 10:12:04 - INFO - [oA Entezamat Gate 2] Back online. Downtime: 00:00
2025-11-28 10:12:04 - INFO - [oG Edari Parking] Back online. Downtime: 00:00
2025-11-28 10:12:04 - INFO - [iA Entezamat 1] Back online. Downtime: 00:00
2025-11-28 10:12:04 - INFO - [oA Entezamat Gate 2.2] Back online. Downtime: 00:00
2025-11-28 10:12:04 - INFO - [oT Manba Havaie] Back online. Downtime: 00:00
2025-11-28 10:12:04 - INFO - [iC HSE] Back online. Downtime: 00:00
2025-11-28 10:12:04 - INFO - [oA Entezamat Gate 1.1] Back online. Downtime: 00:00
2025-11-28 10:12:04 - INFO - [oT Cooling] Back online. Downtime: 00:00
2025-11-28 10:12:04 - INFO - [oC Harasat be Estakhr] Back online. Downtime: 00:00
2025-11-28 10:12:04 - INFO - [oE Hoteling be Koreh] Back online. Downtime: 00:00
2025-11-28 10:12:04 - INFO - [oB Baskul 2] Back online. Downtime: 00:00
2025-11-28 10:12:04 - INFO - [oB Baskul 1] Back online. Downtime: 00:00
2025-11-28 10:12:04 - INFO - [iG Resturant Modiriat] Back online. Downtime: 00:00
2025-11-28 10:12:04 - INFO - [oT PTZ Tower] Back online. Downtime: 00:00
2025-11-28 10:12:04 - INFO - [iC Rakhtkan 1] Back online. Downtime: 00:00
2025-11-28 10:12:04 - INFO - [iC Rakhtkan 2] Back online. Downtime: 00:00
2025-11-28 10:12:04 - INFO - [iF Anbar 1] Back online. Downtime: 00:00
2025-11-28 10:12:04 - INFO - [iF Anbar 3] Back online. Downtime: 00:00
2025-11-28 10:12:04 - INFO - [iG Modiriat Salon] Back online. Downtime: 00:00
2025-11-28 10:12:04 - INFO - [iH Sakht Daftar] Back online. Downtime: 00:00
2025-11-28 10:12:04 - INFO - [iE Hoteling Salon 1] Back online. Downtime: 00:00
2025-11-28 10:12:04 - INFO - [iG Abdarkhane 1] Back online. Downtime: 00:00
2025-11-28 10:12:04 - INFO - [iG Abdarkhane 2] Back online. Downtime: 00:00
2025-11-28 10:12:04 - INFO - [iA Entezamat 2] Back online. Downtime: 00:00
2025-11-28 10:12:04 - INFO - [iE Resturant 2] Back online. Downtime: 00:00
2025-11-28 10:12:04 - INFO - [iF Anbar Daftar 1] Back online. Downtime: 00:00
2025-11-28 10:12:04 - INFO - [iF Anbar Daftar 2] Back online. Downtime: 00:00
2025-11-28 10:12:04 - INFO - [iF Anbar 2] Back online. Downtime: 00:00
2025-11-28 10:12:04 - INFO - [iF Fanni] Back online. Downtime: 00:00
2025-11-28 10:12:04 - INFO - [iF Omran] Back online. Downtime: 00:00
2025-11-28 10:12:04 - INFO - [iC Rakhtkan 3] Back online. Downtime: 00:00
2025-11-28 10:12:04 - INFO - [iG Modiriat Pelle] Back online. Downtime: 00:00
2025-11-28 10:12:04 - INFO - [iE Ashpazkhane] Back online. Downtime: 00:00
2025-11-28 10:12:04 - INFO - [iE Resturant 1] Back online. Downtime: 00:00
2025-11-28 10:12:04 - INFO - [iK GharmKhane 1] Back online. Downtime: 00:00
2025-11-28 10:12:04 - INFO - [iG Edari 1] Back online. Downtime: 00:00
2025-11-28 10:12:04 - INFO - [iE Hoteling Salon 2] Back online. Downtime: 00:00
2025-11-28 10:12:04 - INFO - [iF Barq] Back online. Downtime: 00:00
2025-11-28 10:12:04 - INFO - [iG Edari 2] Back online. Downtime: 00:00
2025-11-28 10:12:04 - INFO - [iF Tasisat] Back online. Downtime: 00:00
2025-11-28 10:12:04 - INFO - [iC Harasat 1] Back online. Downtime: 00:00
2025-11-28 10:12:04 - INFO - [iF Anbar 4] Back online. Downtime: 00:00
2025-11-28 10:12:04 - INFO - [iC Harasat 2] Back online. Downtime: 00:00
2025-11-28 10:19:49 - INFO - [oH Anbar Robaz 2] Back online. Downtime: 00:00
2025-11-28 10:19:49 - INFO - [oA Parking 2] Back online. Downtime: 00:00
2025-11-28 10:19:49 - INFO - [oF Anbar] Back online. Downtime: 00:00
2025-11-28 10:19:49 - INFO - [oE Resturant] Back online. Downtime: 00:00
2025-11-28 10:19:49 - INFO - [iF Anbar Mahfoz] Back online. Downtime: 00:00
2025-11-28 10:19:49 - INFO - [iH Sakht Salon 1] Back online. Downtime: 00:00
2025-11-28 10:19:49 - INFO - [oF Anbar Robaz 1] Back online. Downtime: 00:00
2025-11-28 10:19:49 - INFO - [oF Fanni] Back online. Downtime: 00:00
2025-11-28 10:19:49 - INFO - [iH Sakht Salon 2] Back online. Downtime: 00:00
2025-11-28 10:19:49 - INFO - [iH Sakht Salon 3] Back online. Downtime: 00:00
2025-11-28 10:19:49 - INFO - [oH Sakht Gate 1] Back online. Downtime: 00:00
2025-11-28 10:19:49 - INFO - [oH Anbar Material] Back online. Downtime: 00:00
2025-11-28 10:19:49 - INFO - [oA Anbar Zaieat 1] Back online. Downtime: 00:00
2025-11-28 10:19:49 - INFO - [oA Anbar Zaieat 2] Back online. Downtime: 00:00
2025-11-28 10:19:49 - INFO - [oA Parking 1] Back online. Downtime: 00:00
2025-11-28 10:19:49 - INFO - [oH Sakht Gate 2] Back online. Downtime: 00:00
2025-11-28 10:19:49 - INFO - [oI Batching] Back online. Downtime: 00:00
2025-11-28 10:19:49 - INFO - [oL PTZ Borjnoor] Back online. Downtime: 00:00
2025-11-28 10:19:49 - INFO - [oL Borjnoor Sole] Back online. Downtime: 00:00
2025-11-28 10:19:49 - INFO - [oL Borjnoor Diavr] Back online. Downtime: 00:00
2025-11-28 10:19:49 - INFO - [oI Batching Back] Back online. Downtime: 00:00
2025-11-28 10:19:49 - INFO - [oI MashinAlat 1] Back online. Downtime: 00:00
2025-11-28 10:19:49 - INFO - [oI MashinAlat 2] Back online. Downtime: 00:00
2025-11-28 10:19:49 - INFO - [iL MashinAlat] Back online. Downtime: 00:00
2025-11-28 10:19:49 - INFO - [Channel 25] Back online. Downtime: 00:00
2025-11-28 10:19:49 - INFO - [oS Divar FirePool 1] Back online. Downtime: 00:00
2025-11-28 10:19:49 - INFO - [oS Divar FirePool 2] Back online. Downtime: 00:00
2025-11-28 10:19:49 - INFO - [oS Divar Garbi 1] Back online. Downtime: 00:00
2025-11-28 10:19:49 - INFO - [oS Divar Garbi 2] Back online. Downtime: 00:00
2025-11-28 10:19:49 - INFO - [oT Divar Koreh 1] Back online. Downtime: 00:00
2025-11-28 10:19:49 - INFO - [oT Divar Koreh 2] Back online. Downtime: 00:00
2025-11-28 10:19:49 - INFO - [test8MP] Back online. Downtime: 00:00
2025-11-28 10:19:49 - INFO - [iT Regenerator 1] Back online. Downtime: 00:00
2025-11-28 10:19:49 - INFO - [oG Edari 2] Back online. Downtime: 00:00
2025-11-28 10:19:49 - INFO - [iT Divar Koreh] Back online. Downtime: 00:00
2025-11-28 10:19:49 - INFO - [iT Regenerator-2] Back online. Downtime: 00:00
2025-11-28 10:19:49 - INFO - [iS Salon Tasisat 1] Back online. Downtime: 00:00
2025-11-28 10:19:49 - INFO - [iS Salon Tasisat 2] Back online. Downtime: 00:00
2025-11-28 10:19:49 - INFO - [iK GharmKhane 2] Back online. Downtime: 00:00
2025-11-28 10:19:49 - INFO - [iK GharmKhane 3] Back online. Downtime: 00:00
2025-11-28 10:19:49 - INFO - [iK GharmKhane 4] Back online. Downtime: 00:00
2025-11-28 10:19:54 - ERROR - NVR 172.20.2.6 returned HTTP 502
2025-11-28 10:20:59 - ERROR - NVR 172.20.2.6 returned HTTP 502
2025-11-28 10:21:59 - WARNING - [iK GharmKhane 2] Went OFFLINE
2025-11-28 10:22:04 - ERROR - NVR 172.20.2.6 returned HTTP 502
2025-11-28 10:23:49 - ERROR - Failed to send email: [WinError 10060] A connection attempt failed because the connected party did not properly respond after a period of time, or established connection failed because connected host has failed to respond
2025-11-28 10:23:49 - ERROR - Failed to send alert email.
2025-11-28 10:24:49 - INFO - [iK GharmKhane 2] Back online. Downtime: 00:03
2025-11-28 10:24:54 - ERROR - NVR 172.20.2.6 returned HTTP 502
2025-11-28 10:26:00 - ERROR - NVR 172.20.2.6 Exception: HTTPConnectionPool(host='127.0.0.1', port=3067): Max retries exceeded with url: http://172.20.2.6/ISAPI/ContentMgmt/InputProxy/channels/status (Caused by ProxyError('Unable to connect to proxy', ConnectionResetError(10054, 'An existing connection was forcibly closed by the remote host', None, 10054, None)))
2025-11-28 10:27:05 - ERROR - NVR 172.20.2.6 returned HTTP 502
2025-11-28 10:33:41 - ERROR - NVR 172.20.2.6 returned HTTP 502
2025-11-28 10:34:46 - ERROR - NVR 172.20.2.6 returned HTTP 502
2025-11-28 10:40:09 - WARNING - [iK GharmKhane 2] Went OFFLINE
2025-11-28 10:40:13 - INFO - Sent email for 1 cameras.
2025-11-28 10:41:13 - INFO - [iK GharmKhane 2] Back online. Downtime: 00:02
2025-11-28 10:42:13 - WARNING - [iK GharmKhane 4] Went OFFLINE
2025-11-28 10:42:17 - INFO - Sent email for 1 cameras.
2025-11-28 10:43:17 - INFO - [iK GharmKhane 4] Back online. Downtime: 00:02
